<?xml version="1.0" encoding="UTF-8"?>
<testsuite name="TransformToListTester" tests="5" skipped="0" failures="0" errors="0" timestamp="2023-02-26T17:22:16" hostname="DESKTOP-P33MRHH" time="0.203">
  <properties/>
  <testcase name="testParseXmlOnEmtyness()" classname="TransformToListTester" time="0.076"/>
  <testcase name="testParseXmlOnNull()" classname="TransformToListTester" time="0.007"/>
  <testcase name="testParseXmlOnContainingEmloeey()" classname="TransformToListTester" time="0.02"/>
  <testcase name="testListToJson()" classname="TransformToListTester" time="0.084"/>
  <testcase name="testParseXmlOnContainig()" classname="TransformToListTester" time="0.006"/>
  <system-out><![CDATA[]]></system-out>
  <system-err><![CDATA[]]></system-err>
</testsuite>
